This is pdfTeX, Version 3.141592653-2.6-1.40.23 (MiKTeX 21.8) (preloaded format=pdflatex 2021.9.10)  29 JAN 2022 16:11
entering extended mode
**"C:/Users/redas/Desktop/my_publications/Mouse BOOST TurboTMT/tex_files/manusc
ript.tex"

(C:/Users/redas/Desktop/my_publications/Mouse BOOST TurboTMT/tex_files/manuscri
pt.tex
LaTeX2e <2021-06-01> patch level 1
L3 programming layer <2021-08-27>
(C:\Program Files\MiKTeX 2.9\tex/latex/achemso\achemso.cls
Document Class: achemso 2021-01-20 v3.13c Submission to ACS journals
(C:\Program Files\MiKTeX 2.9\tex/latex/base\article.cls
Document Class: article 2021/02/12 v1.4n Standard LaTeX document class
(C:\Program Files\MiKTeX 2.9\tex/latex/base\size12.clo
File: size12.clo 2021/02/12 v1.4n Standard LaTeX file (size option)
)
\c@part=\count182
\c@section=\count183
\c@subsection=\count184
\c@subsubsection=\count185
\c@paragraph=\count186
\c@subparagraph=\count187
\c@figure=\count188
\c@table=\count189
\abovecaptionskip=\skip47
\belowcaptionskip=\skip48
\bibindent=\dimen138
)
(C:\Program Files\MiKTeX 2.9\tex/latex/xkeyval\xkeyval.sty
Package: xkeyval 2020/11/20 v2.8 package option processing (HA)

(C:\Program Files\MiKTeX 2.9\tex/generic/xkeyval\xkeyval.tex
(C:\Program Files\MiKTeX 2.9\tex/generic/xkeyval\xkvutils.tex
\XKV@toks=\toks16
\XKV@tempa@toks=\toks17

(C:\Program Files\MiKTeX 2.9\tex/generic/xkeyval\keyval.tex))
\XKV@depth=\count190
File: xkeyval.tex 2014/12/03 v2.7a key=value parser (HA)
))
\acs@bib@file=\write3
\c@bibnote=\count191

(C:\Program Files\MiKTeX 2.9\tex/latex/geometry\geometry.sty
Package: geometry 2020/01/02 v5.9 Page Geometry

(C:\Program Files\MiKTeX 2.9\tex/generic/iftex\ifvtex.sty
Package: ifvtex 2019/10/25 v1.7 ifvtex legacy package. Use iftex instead.

(C:\Program Files\MiKTeX 2.9\tex/generic/iftex\iftex.sty
Package: iftex 2020/03/06 v1.0d TeX engine tests
))
\Gm@cnth=\count192
\Gm@cntv=\count193
\c@Gm@tempcnt=\count194
\Gm@bindingoffset=\dimen139
\Gm@wd@mp=\dimen140
\Gm@odd@mp=\dimen141
\Gm@even@mp=\dimen142
\Gm@layoutwidth=\dimen143
\Gm@layoutheight=\dimen144
\Gm@layouthoffset=\dimen145
\Gm@layoutvoffset=\dimen146
\Gm@dimlist=\toks18

(C:\Program Files\MiKTeX 2.9\tex/latex/geometry\geometry.cfg))
(C:\Program Files\MiKTeX 2.9\tex/latex/caption\caption.sty
Package: caption 2020/10/26 v3.5g Customizing captions (AR)

(C:\Program Files\MiKTeX 2.9\tex/latex/caption\caption3.sty
Package: caption3 2020/10/21 v2.2e caption3 kernel (AR)
\captionmargin=\dimen147
\captionmargin@=\dimen148
\captionwidth=\dimen149
\caption@tempdima=\dimen150
\caption@indent=\dimen151
\caption@parindent=\dimen152
\caption@hangindent=\dimen153
Package caption Info: Standard document class detected.
)
\c@caption@flags=\count195
\c@continuedfloat=\count196
)
(C:\Program Files\MiKTeX 2.9\tex/latex/float\float.sty
Package: float 2001/11/08 v1.3d Float enhancements (AL)
\c@float@type=\count197
\float@exts=\toks19
\float@box=\box50
\@float@everytoks=\toks20
\@floatcapt=\box51
)
(C:\Program Files\MiKTeX 2.9\tex/latex/graphics\graphicx.sty
Package: graphicx 2020/12/05 v1.2c Enhanced LaTeX Graphics (DPC,SPQR)

(C:\Program Files\MiKTeX 2.9\tex/latex/graphics\graphics.sty
Package: graphics 2021/03/04 v1.4d Standard LaTeX Graphics (DPC,SPQR)

(C:\Program Files\MiKTeX 2.9\tex/latex/graphics\trig.sty
Package: trig 2016/01/03 v1.10 sin cos tan (DPC)
)
(C:\Program Files\MiKTeX 2.9\tex/latex/graphics-cfg\graphics.cfg
File: graphics.cfg 2016/06/04 v1.11 sample graphics configuration
)
Package graphics Info: Driver file: pdftex.def on input line 107.

(C:\Program Files\MiKTeX 2.9\tex/latex/graphics-def\pdftex.def
File: pdftex.def 2020/10/05 v1.2a Graphics/color driver for pdftex
))
\Gin@req@height=\dimen154
\Gin@req@width=\dimen155
)
(C:\Program Files\MiKTeX 2.9\tex/latex/setspace\setspace.sty
Package: setspace 2011/12/19 v6.7a set line spacing
)
(C:\Program Files\MiKTeX 2.9\tex/latex/url\url.sty
\Urlmuskip=\muskip16
Package: url 2013/09/16  ver 3.4  Verb mode for urls, etc.
)
\acs@author@cnt=\count198
\acs@affil@cnt=\count199
\acs@affil@alt@cnt=\count266
\acs@footnote@cnt=\count267
\acs@affil@marker@cnt=\count268
\acs@space@pre@title=\skip49
\acs@space@post@title=\skip50
\acs@space@post@author=\skip51
\acs@space@post@address=\skip52
\acs@space@post@email=\skip53
\acs@maketitle@width=\skip54
\@float@every@scheme=\toks21
\c@scheme=\count269
\@float@every@chart=\toks22
\c@chart=\count270
\@float@every@graph=\toks23
\c@graph=\count271
\@float@every@table=\toks24
\acs@collect@toks=\toks25
\acs@collect@empty@toks=\toks26
\acs@tocentry@height=\skip55
\acs@tocentry@width=\skip56

(C:\Program Files\MiKTeX 2.9\tex/latex/achemso\achemso-jprobs.cfg
File: achemso-jprobs.cfg 2021-01-20 v3.13c achemso configuration: J. Proteome R
es.
)
(C:\Program Files\MiKTeX 2.9\tex/latex/natbib\natbib.sty
Package: natbib 2010/09/13 8.31b (PWD, AO)
\bibhang=\skip57
\bibsep=\skip58
LaTeX Info: Redefining \cite on input line 694.
\c@NAT@ctr=\count272
)
(C:\Program Files\MiKTeX 2.9\tex/latex/achemso\natmove.sty
Package: natmove 2010/01/15 v1.1a Automatic citation moving with natbib
)
(C:\Program Files\MiKTeX 2.9\tex/latex/mciteplus\mciteplus.sty
Package: mciteplus 2013/09/13 v1.2 enhanced mcite
\@mcitetmptoksA=\toks27
\@mcitetmpdima=\dimen156
\@mcitetmpdimb=\dimen157
\@mcitetmpcnta=\count273
\@mcitetmpcntb=\count274
\c@mcitebibitemcount=\count275
\c@mcitesubitemcount=\count276

** mciteplus: Detected natbib.sty. Invoking hooks.
)) (C:\Program Files\MiKTeX 2.9\tex/latex/base\inputenc.sty
Package: inputenc 2021/02/14 v1.3d Input encoding file
\inpenc@prehook=\toks28
\inpenc@posthook=\toks29
)
(C:\Program Files\MiKTeX 2.9\tex/latex/amsmath\amsmath.sty
Package: amsmath 2021/04/20 v2.17j AMS math features
\@mathmargin=\skip59

For additional information on amsmath, use the `?' option.
(C:\Program Files\MiKTeX 2.9\tex/latex/amsmath\amstext.sty
Package: amstext 2000/06/29 v2.01 AMS text

(C:\Program Files\MiKTeX 2.9\tex/latex/amsmath\amsgen.sty
File: amsgen.sty 1999/11/30 v2.0 generic functions
\@emptytoks=\toks30
\ex@=\dimen158
))
(C:\Program Files\MiKTeX 2.9\tex/latex/amsmath\amsbsy.sty
Package: amsbsy 1999/11/29 v1.2d Bold Symbols
\pmbraise@=\dimen159
)
(C:\Program Files\MiKTeX 2.9\tex/latex/amsmath\amsopn.sty
Package: amsopn 2016/03/08 v2.02 operator names
)
\inf@bad=\count277
LaTeX Info: Redefining \frac on input line 234.
\uproot@=\count278
\leftroot@=\count279
LaTeX Info: Redefining \overline on input line 399.
\classnum@=\count280
\DOTSCASE@=\count281
LaTeX Info: Redefining \ldots on input line 496.
LaTeX Info: Redefining \dots on input line 499.
LaTeX Info: Redefining \cdots on input line 620.
\Mathstrutbox@=\box52
\strutbox@=\box53
\big@size=\dimen160
LaTeX Font Info:    Redeclaring font encoding OML on input line 743.
LaTeX Font Info:    Redeclaring font encoding OMS on input line 744.
\macc@depth=\count282
\c@MaxMatrixCols=\count283
\dotsspace@=\muskip17
\c@parentequation=\count284
\dspbrk@lvl=\count285
\tag@help=\toks31
\row@=\count286
\column@=\count287
\maxfields@=\count288
\andhelp@=\toks32
\eqnshift@=\dimen161
\alignsep@=\dimen162
\tagshift@=\dimen163
\tagwidth@=\dimen164
\totwidth@=\dimen165
\lineht@=\dimen166
\@envbody=\toks33
\multlinegap=\skip60
\multlinetaggap=\skip61
\mathdisplay@stack=\toks34
LaTeX Info: Redefining \[ on input line 2923.
LaTeX Info: Redefining \] on input line 2924.
)
(C:\Program Files\MiKTeX 2.9\tex/latex/hyperref\hyperref.sty
Package: hyperref 2021-06-07 v7.00m Hypertext links for LaTeX

(C:\Program Files\MiKTeX 2.9\tex/generic/ltxcmds\ltxcmds.sty
Package: ltxcmds 2020-05-10 v1.25 LaTeX kernel commands for general use (HO)
)
(C:\Program Files\MiKTeX 2.9\tex/generic/pdftexcmds\pdftexcmds.sty
Package: pdftexcmds 2020-06-27 v0.33 Utility functions of pdfTeX for LuaTeX (HO
)

(C:\Program Files\MiKTeX 2.9\tex/generic/infwarerr\infwarerr.sty
Package: infwarerr 2019/12/03 v1.5 Providing info/warning/error messages (HO)
)
Package pdftexcmds Info: \pdf@primitive is available.
Package pdftexcmds Info: \pdf@ifprimitive is available.
Package pdftexcmds Info: \pdfdraftmode found.
)
(C:\Program Files\MiKTeX 2.9\tex/generic/kvsetkeys\kvsetkeys.sty
Package: kvsetkeys 2019/12/15 v1.18 Key value parser (HO)
)
(C:\Program Files\MiKTeX 2.9\tex/generic/kvdefinekeys\kvdefinekeys.sty
Package: kvdefinekeys 2019-12-19 v1.6 Define keys (HO)
)
(C:\Program Files\MiKTeX 2.9\tex/generic/pdfescape\pdfescape.sty
Package: pdfescape 2019/12/09 v1.15 Implements pdfTeX's escape features (HO)
)
(C:\Program Files\MiKTeX 2.9\tex/latex/hycolor\hycolor.sty
Package: hycolor 2020-01-27 v1.10 Color options for hyperref/bookmark (HO)
)
(C:\Program Files\MiKTeX 2.9\tex/latex/letltxmacro\letltxmacro.sty
Package: letltxmacro 2019/12/03 v1.6 Let assignment for LaTeX macros (HO)
)
(C:\Program Files\MiKTeX 2.9\tex/latex/auxhook\auxhook.sty
Package: auxhook 2019-12-17 v1.6 Hooks for auxiliary files (HO)
)
(C:\Program Files\MiKTeX 2.9\tex/latex/kvoptions\kvoptions.sty
Package: kvoptions 2020-10-07 v3.14 Key value format for package options (HO)
)
\@linkdim=\dimen167
\Hy@linkcounter=\count289
\Hy@pagecounter=\count290

(C:\Program Files\MiKTeX 2.9\tex/latex/hyperref\pd1enc.def
File: pd1enc.def 2021-06-07 v7.00m Hyperref: PDFDocEncoding definition (HO)
Now handling font encoding PD1 ...
... no UTF-8 mapping file for font encoding PD1
)
(C:\Program Files\MiKTeX 2.9\tex/latex/hyperref\hyperref-langpatches.def
File: hyperref-langpatches.def 2021-06-07 v7.00m Hyperref: patches for babel la
nguages
)
(C:\Program Files\MiKTeX 2.9\tex/generic/intcalc\intcalc.sty
Package: intcalc 2019/12/15 v1.3 Expandable calculations with integers (HO)
)
(C:\Program Files\MiKTeX 2.9\tex/generic/etexcmds\etexcmds.sty
Package: etexcmds 2019/12/15 v1.7 Avoid name clashes with e-TeX commands (HO)
)
\Hy@SavedSpaceFactor=\count291

(C:\Program Files\MiKTeX 2.9\tex/latex/hyperref\puenc.def
File: puenc.def 2021-06-07 v7.00m Hyperref: PDF Unicode definition (HO)
Now handling font encoding PU ...
... no UTF-8 mapping file for font encoding PU
)
Package hyperref Info: Hyper figures OFF on input line 4192.
Package hyperref Info: Link nesting OFF on input line 4197.
Package hyperref Info: Hyper index ON on input line 4200.
Package hyperref Info: Plain pages OFF on input line 4207.
Package hyperref Info: Backreferencing OFF on input line 4212.
Package hyperref Info: Implicit mode ON; LaTeX internals redefined.
Package hyperref Info: Bookmarks ON on input line 4445.
\c@Hy@tempcnt=\count292
LaTeX Info: Redefining \url on input line 4804.
\XeTeXLinkMargin=\dimen168

(C:\Program Files\MiKTeX 2.9\tex/generic/bitset\bitset.sty
Package: bitset 2019/12/09 v1.3 Handle bit-vector datatype (HO)

(C:\Program Files\MiKTeX 2.9\tex/generic/bigintcalc\bigintcalc.sty
Package: bigintcalc 2019/12/15 v1.5 Expandable calculations on big integers (HO
)
))
\Fld@menulength=\count293
\Field@Width=\dimen169
\Fld@charsize=\dimen170
Package hyperref Info: Hyper figures OFF on input line 6076.
Package hyperref Info: Link nesting OFF on input line 6081.
Package hyperref Info: Hyper index ON on input line 6084.
Package hyperref Info: backreferencing OFF on input line 6091.
Package hyperref Info: Link coloring OFF on input line 6096.
Package hyperref Info: Link coloring with OCG OFF on input line 6101.
Package hyperref Info: PDF/A mode OFF on input line 6106.
LaTeX Info: Redefining \ref on input line 6146.
LaTeX Info: Redefining \pageref on input line 6150.

(C:\Program Files\MiKTeX 2.9\tex/latex/base\atbegshi-ltx.sty
Package: atbegshi-ltx 2021/01/10 v1.0c Emulation of the original atbegshi
package with kernel methods
)
\Hy@abspage=\count294
\c@Item=\count295
\c@Hfootnote=\count296
)
Package hyperref Info: Driver (autodetected): hpdftex.

(C:\Program Files\MiKTeX 2.9\tex/latex/hyperref\hpdftex.def
File: hpdftex.def 2021-06-07 v7.00m Hyperref driver for pdfTeX

(C:\Program Files\MiKTeX 2.9\tex/latex/base\atveryend-ltx.sty
Package: atveryend-ltx 2020/08/19 v1.0a Emulation of the original atvery packag
e
with kernel methods
)
\Fld@listcount=\count297
\c@bookmark@seq@number=\count298

(C:\Program Files\MiKTeX 2.9\tex/latex/rerunfilecheck\rerunfilecheck.sty
Package: rerunfilecheck 2019/12/05 v1.9 Rerun checks for auxiliary files (HO)

(C:\Program Files\MiKTeX 2.9\tex/generic/uniquecounter\uniquecounter.sty
Package: uniquecounter 2019/12/15 v1.4 Provide unlimited unique counter (HO)
)
Package uniquecounter Info: New unique counter `rerunfilecheck' on input line 2
86.
)
\Hy@SectionHShift=\skip62
)
(C:\Program Files\MiKTeX 2.9\tex/latex/l3backend\l3backend-pdftex.def
File: l3backend-pdftex.def 2021-08-04 L3 backend support: PDF output (pdfTeX)
\l__color_backend_stack_int=\count299
\l__pdf_internal_box=\box54
)
(manuscript.aux)
\openout1 = `manuscript.aux'.

LaTeX Font Info:    Checking defaults for OML/cmm/m/it on input line 81.
LaTeX Font Info:    ... okay on input line 81.
LaTeX Font Info:    Checking defaults for OMS/cmsy/m/n on input line 81.
LaTeX Font Info:    ... okay on input line 81.
LaTeX Font Info:    Checking defaults for OT1/cmr/m/n on input line 81.
LaTeX Font Info:    ... okay on input line 81.
LaTeX Font Info:    Checking defaults for T1/cmr/m/n on input line 81.
LaTeX Font Info:    ... okay on input line 81.
LaTeX Font Info:    Checking defaults for TS1/cmr/m/n on input line 81.
LaTeX Font Info:    ... okay on input line 81.
LaTeX Font Info:    Checking defaults for OMX/cmex/m/n on input line 81.
LaTeX Font Info:    ... okay on input line 81.
LaTeX Font Info:    Checking defaults for U/cmr/m/n on input line 81.
LaTeX Font Info:    ... okay on input line 81.
LaTeX Font Info:    Checking defaults for PD1/pdf/m/n on input line 81.
LaTeX Font Info:    ... okay on input line 81.
LaTeX Font Info:    Checking defaults for PU/pdf/m/n on input line 81.
LaTeX Font Info:    ... okay on input line 81.
\openout3 = `acs-manuscript.bib'.


*geometry* driver: auto-detecting
*geometry* detected driver: pdftex
*geometry* verbose mode - [ preamble ] result:
* driver: pdftex
* paper: <default>
* layout: <same size as paper>
* layoutoffset:(h,v)=(0.0pt,0.0pt)
* modes: 
* h-part:(L,W,R)=(72.2698pt, 469.75539pt, 72.2698pt)
* v-part:(T,H,B)=(72.2698pt, 650.43037pt, 72.2698pt)
* \paperwidth=614.295pt
* \paperheight=794.96999pt
* \textwidth=469.75539pt
* \textheight=650.43037pt
* \oddsidemargin=-0.00018pt
* \evensidemargin=-0.00018pt
* \topmargin=-37.00018pt
* \headheight=12.0pt
* \headsep=25.0pt
* \topskip=12.0pt
* \footskip=30.0pt
* \marginparwidth=44.0pt
* \marginparsep=10.0pt
* \columnsep=10.0pt
* \skip\footins=10.8pt plus 4.0pt minus 2.0pt
* \hoffset=0.0pt
* \voffset=0.0pt
* \mag=1000
* \@twocolumnfalse
* \@twosidefalse
* \@mparswitchfalse
* \@reversemarginfalse
* (1in=72.27pt=25.4mm, 1cm=28.453pt)

Package caption Info: Begin \AtBeginDocument code.
Package caption Info: float package is loaded.
Package caption Info: hyperref package is loaded.
Package caption Info: End \AtBeginDocument code.
(C:\Program Files\MiKTeX 2.9\tex/context/base/mkii\supp-pdf.mkii
[Loading MPS to PDF converter (version 2006.09.02).]
\scratchcounter=\count300
\scratchdimen=\dimen171
\scratchbox=\box55
\nofMPsegments=\count301
\nofMParguments=\count302
\everyMPshowfont=\toks35
\MPscratchCnt=\count303
\MPscratchDim=\dimen172
\MPnumerator=\count304
\makeMPintoPDFobject=\count305
\everyMPtoPDFconversion=\toks36
) (C:\Program Files\MiKTeX 2.9\tex/latex/epstopdf-pkg\epstopdf-base.sty
Package: epstopdf-base 2020-01-24 v2.11 Base part for package epstopdf
Package epstopdf-base Info: Redefining graphics rule for `.eps' on input line 4
85.

(C:\Program Files\MiKTeX 2.9\tex/latex/00miktex\epstopdf-sys.cfg
File: epstopdf-sys.cfg 2021/03/18 v2.0 Configuration of epstopdf for MiKTeX
))
Package hyperref Info: Link coloring OFF on input line 81.

(C:\Program Files\MiKTeX 2.9\tex/latex/hyperref\nameref.sty
Package: nameref 2021-04-02 v2.47 Cross-referencing by name of section

(C:\Program Files\MiKTeX 2.9\tex/latex/refcount\refcount.sty
Package: refcount 2019/12/15 v3.6 Data extraction from label references (HO)
)
(C:\Program Files\MiKTeX 2.9\tex/generic/gettitlestring\gettitlestring.sty
Package: gettitlestring 2019/12/15 v1.6 Cleanup title references (HO)
)
\c@section@level=\count306
)
LaTeX Info: Redefining \ref on input line 81.
LaTeX Info: Redefining \pageref on input line 81.
LaTeX Info: Redefining \nameref on input line 81.

(manuscript.out) (manuscript.out)
\@outlinefile=\write4
\openout4 = `manuscript.out'.

LaTeX Font Info:    Font shape `OT1/cmss/m/it' in size <14.4> not available
(Font)              Font shape `OT1/cmss/m/sl' tried instead on input line 82.
LaTeX Font Info:    Font shape `OT1/cmss/m/it' in size <10.95> not available
(Font)              Font shape `OT1/cmss/m/sl' tried instead on input line 82.


Class achemso Warning: No affiliation given for author
(achemso)              Xien Yu Chua$^{1}$, Kenneth P. Callahan$^{2}$, Alijah A.
 Griffith$^{2}$, Tobias Hildebrandt$^{2}$, Guoping Fu$^{3}$, Mengzhou Hu$^{1}$,
 Renren Wen$^{3}$, Arthur R. Salomon$^{2,*}$ \\ \def 1{1}\tiny \vskip \baseline
skip \textit {\small {$1$ Department of Molecular Pharmacology, Physiology \& B
iotechnology, Brown University, Providence, RI, 02912}} \\ \textit {\small {$2$
 Department of Molecular Biology, Cell Biology \& Biochemistry, Brown Universit
y, Providence, RI, 02912}} \\ \textit {\small {$3$ Blood Research Institute, Bl
ood Center of Wisconsin, Milwaukee, WI, 53226}} \\ \textit {\small {$*$} Corres
ponding Author}\tiny  on input line 82.


Class achemso Warning: No affiliations: at least one affiliation is needed on i
nput line 82.

[1

{C:/Users/redas/AppData/Local/MiKTeX/2.9/pdftex/config/pdftex.map}]

Package natbib Warning: Citation `gaud2018regulatory' on page 2 undefined on in
put line 120.


Package natbib Warning: Citation `palacios2004function' on page 2 undefined on 
input line 120.


Package natbib Warning: Citation `gaud2018regulatory' on page 2 undefined on in
put line 120.


Package natbib Warning: Citation `lo2018lck' on page 2 undefined on input line 
120.


Package natbib Warning: Citation `hunter1980transforming' on page 2 undefined o
n input line 121.


Package natbib Warning: Citation `hunter2009tyrosine' on page 2 undefined on in
put line 121.

[2]

Package natbib Warning: Citation `locard2020lymphoatlas' on page 3 undefined on
 input line 124.


Package natbib Warning: Citation `locard2020lymphoatlas' on page 3 undefined on
 input line 124.


Package natbib Warning: Citation `joshi2017phosphoproteomics' on page 3 undefin
ed on input line 124.


Package natbib Warning: Citation `salter2021comparative' on page 3 undefined on
 input line 124.


Package natbib Warning: Citation `ramello2019immunoproteomic' on page 3 undefin
ed on input line 124.


Package natbib Warning: Citation `navarro2011phosphoproteomic' on page 3 undefi
ned on input line 124.


Package natbib Warning: Citation `prado2021synergistic' on page 3 undefined on 
input line 124.


Package natbib Warning: Citation `iwai2010quantitative' on page 3 undefined on 
input line 124.


Package natbib Warning: Citation `alvarez202023' on page 3 undefined on input l
ine 124.


Package natbib Warning: Citation `navarro2011phosphoproteomic' on page 3 undefi
ned on input line 124.


Package natbib Warning: Citation `iwai2010quantitative' on page 3 undefined on 
input line 124.


Package natbib Warning: Citation `kaneko2012superbinder' on page 3 undefined on
 input line 136.


Package natbib Warning: Citation `bian2016ultra' on page 3 undefined on input l
ine 136.


Package natbib Warning: Citation `dong2017sensitive' on page 3 undefined on inp
ut line 136.


Package natbib Warning: Citation `tong2017protein' on page 3 undefined on input
 line 136.


Package natbib Warning: Citation `yao2018sh2' on page 3 undefined on input line
 136.


Package natbib Warning: Citation `yao2019one' on page 3 undefined on input line
 136.


Package natbib Warning: Citation `chua2020tandem' on page 3 undefined on input 
line 136.


Package natbib Warning: Citation `chua2021ovalbumin' on page 3 undefined on inp
ut line 136.


Package natbib Warning: Citation `griffith2021silac' on page 3 undefined on inp
ut line 136.


Package natbib Warning: Citation `thompson2003tandem' on page 3 undefined on in
put line 136.


Package natbib Warning: Citation `wiese2007protein' on page 3 undefined on inpu
t line 136.


Package natbib Warning: Citation `werner2012high' on page 3 undefined on input 
line 136.


Package natbib Warning: Citation `mertins2012itraq' on page 3 undefined on inpu
t line 136.


Package natbib Warning: Citation `mcalister2012increasing' on page 3 undefined 
on input line 136.


Package natbib Warning: Citation `latosinska2015comparative' on page 3 undefine
d on input line 136.


Package natbib Warning: Citation `o2018proteome' on page 3 undefined on input l
ine 136.


Package natbib Warning: Citation `thompson2019tmtpro' on page 3 undefined on in
put line 136.


Package natbib Warning: Citation `chua2020tandem' on page 3 undefined on input 
line 136.

[3]

Package natbib Warning: Citation `chua2020tandem' on page 4 undefined on input 
line 144.

[4]

Package natbib Warning: Citation `wisniewski2009universal' on page 5 undefined 
on input line 156.


Package natbib Warning: Citation `ahsan2017quantitative' on page 5 undefined on
 input line 156.


Package natbib Warning: Citation `chua2020tandem' on page 5 undefined on input 
line 156.


Package natbib Warning: Citation `chua2020tandem' on page 5 undefined on input 
line 156.


Package natbib Warning: Citation `mcalister2014multinotch' on page 5 undefined 
on input line 160.


Package natbib Warning: Citation `mcalister2014multinotch' on page 5 undefined 
on input line 160.

[5]

Package natbib Warning: Citation `cox2008maxquant' on page 6 undefined on input
 line 164.


Package natbib Warning: Citation `cox2011andromeda' on page 6 undefined on inpu
t line 164.

[6]

Package natbib Warning: Citation `hornbeck2015phosphositeplus' on page 7 undefi
ned on input line 168.


Package natbib Warning: Citation `benjhoch' on page 7 undefined on input line 1
68.


Package natbib Warning: Citation `chua2020tandem' on page 7 undefined on input 
line 168.


Package natbib Warning: Citation `chua2021ovalbumin' on page 7 undefined on inp
ut line 168.


Package natbib Warning: Citation `grus2019data' on page 7 undefined on input li
ne 168.

[7]

pdfTeX warning: pdflatex (file C:/Users/redas/Desktop/my_publications/Mouse BOO
ST TurboTMT/tex_files/figures/main_figs/experimental_design.pdf): PDF inclusion
: found PDF version <1.6>, but at most version <1.5> allowed
<figures/main_figs/experimental_design.pdf, id=59, 1420.2059pt x 801.5897pt>
File: figures/main_figs/experimental_design.pdf Graphic file (type pdf)
<use figures/main_figs/experimental_design.pdf>
Package pdftex.def Info: figures/main_figs/experimental_design.pdf  used on inp
ut line 185.
(pdftex.def)             Requested size: 426.79134pt x 240.8824pt.

LaTeX Warning: `!h' float specifier changed to `!ht'.


Package natbib Warning: Citation `chua2020tandem' on page 8 undefined on input 
line 190.


Package natbib Warning: Citation `chua2020tandem' on page 8 undefined on input 
line 190.


Package natbib Warning: Citation `chua2021ovalbumin' on page 8 undefined on inp
ut line 190.


Package natbib Warning: Citation `chua2021ovalbumin' on page 8 undefined on inp
ut line 190.


Package natbib Warning: Citation `yao2018sh2' on page 8 undefined on input line
 190.


Package natbib Warning: Citation `yao2019one' on page 8 undefined on input line
 190.


Package natbib Warning: Citation `chua2020tandem' on page 8 undefined on input 
line 190.


Package natbib Warning: Citation `griffith2021silac' on page 8 undefined on inp
ut line 190.

[8]

pdfTeX warning: pdflatex (file C:/Users/redas/Desktop/my_publications/Mouse BOO
ST TurboTMT/tex_files/figures/main_figs/depth_nans.pdf): PDF inclusion: found P
DF version <1.6>, but at most version <1.5> allowed
<figures/main_figs/depth_nans.pdf, id=70, 654.96593pt x 919.33864pt>
File: figures/main_figs/depth_nans.pdf Graphic file (type pdf)
<use figures/main_figs/depth_nans.pdf>
Package pdftex.def Info: figures/main_figs/depth_nans.pdf  used on input line 1
97.
(pdftex.def)             Requested size: 341.43306pt x 479.26526pt.

LaTeX Warning: `!h' float specifier changed to `!ht'.

[9 <C:/Users/redas/Desktop/my_publications/Mouse BOOST TurboTMT/tex_files/figur
es/main_figs/experimental_design.pdf>] [10 <C:/Users/redas/Desktop/my_publicati
ons/Mouse BOOST TurboTMT/tex_files/figures/main_figs/depth_nans.pdf>]

pdfTeX warning: pdflatex (file C:/Users/redas/Desktop/my_publications/Mouse BOO
ST TurboTMT/tex_files/figures/main_figs/accuracy_and_precision.pdf): PDF inclus
ion: found PDF version <1.6>, but at most version <1.5> allowed
<figures/main_figs/accuracy_and_precision.pdf, id=203, 1007.6345pt x 757.86139p
t>
File: figures/main_figs/accuracy_and_precision.pdf Graphic file (type pdf)
<use figures/main_figs/accuracy_and_precision.pdf>
Package pdftex.def Info: figures/main_figs/accuracy_and_precision.pdf  used on 
input line 208.
(pdftex.def)             Requested size: 483.69684pt x 363.79245pt.

Overfull \hbox (13.94145pt too wide) in paragraph at lines 208--209
 [][] 
 []


LaTeX Warning: `!h' float specifier changed to `!ht'.

[11] [12 <C:/Users/redas/Desktop/my_publications/Mouse BOOST TurboTMT/tex_files
/figures/main_figs/accuracy_and_precision.pdf>]

pdfTeX warning: pdflatex (file C:/Users/redas/Desktop/my_publications/Mouse BOO
ST TurboTMT/tex_files/figures/main_figs/boost_factor.pdf): PDF inclusion: found
 PDF version <1.6>, but at most version <1.5> allowed
<figures/main_figs/boost_factor.pdf, id=406, 727.76997pt x 1093.0536pt>
File: figures/main_figs/boost_factor.pdf Graphic file (type pdf)
<use figures/main_figs/boost_factor.pdf>
Package pdftex.def Info: figures/main_figs/boost_factor.pdf  used on input line
 223.
(pdftex.def)             Requested size: 384.1122pt x 576.91393pt.

LaTeX Warning: Float too large for page by 23.48354pt on input line 225.

[13] [14 <C:/Users/redas/Desktop/my_publications/Mouse BOOST TurboTMT/tex_files
/figures/main_figs/boost_factor.pdf>]

Package natbib Warning: Citation `chua2020tandem' on page 15 undefined on input
 line 229.


Package natbib Warning: Citation `chua2020tandem' on page 15 undefined on input
 line 229.

[15] [16]

Package natbib Warning: Citation `grinfeld2017phase' on page 17 undefined on in
put line 238.


Package natbib Warning: Citation `kelstrup2018limits' on page 17 undefined on i
nput line 238.


Package natbib Warning: Citation `bekker2020rapid' on page 17 undefined on inpu
t line 238.


Package natbib Warning: Citation `bekker2020rapid' on page 17 undefined on inpu
t line 238.


Package natbib Warning: Citation `bekker2020rapid' on page 17 undefined on inpu
t line 238.


Package natbib Warning: Citation `budnik2018scope' on page 17 undefined on inpu
t line 240.


Package natbib Warning: Citation `specht2020optimizing' on page 17 undefined on
 input line 240.


Package natbib Warning: Citation `cheung2021defining' on page 17 undefined on i
nput line 240.


Package natbib Warning: Citation `tsai2020improved' on page 17 undefined on inp
ut line 240.

[17]
Overfull \hbox (15.21472pt too wide) in paragraph at lines 259--260
\OT1/cmr/m/n/12 knowl-edge fi-nan-cial sup-port from NIH grants R01AI083636, P2
0GM121293, and R24GM137786.
 []


Package natbib Warning: Citation `vizcaino2012proteomics' on page 18 undefined 
on input line 263.

(manuscript.bbl [18] [19] [20]
Underfull \hbox (badness 2020) in paragraph at lines 235--244
[]\OT1/cmr/m/n/12 Chua, X. Y.; Sa-lomon, A. Oval-bu-min Antigen-Specific Ac-ti-
va-tion of Hu-man
 []


Underfull \hbox (badness 1297) in paragraph at lines 235--244
\OT1/cmr/m/n/12 T Cell Re-cep-tor Closely Re-sem-bles Sol-u-ble An-ti-body Stim
-u-la-tion as Re-vealed
 []


Underfull \hbox (badness 1755) in paragraph at lines 235--244
\OT1/cmr/m/n/12 by BOOST Phos-pho-ty-ro-sine Pro-teomics. \OT1/cmr/m/it/12 Jour
-nal of Pro-teome Re-search \OT1/cmr/bx/n/12 2021\OT1/cmr/m/n/12 ,
 []

[21]

! Package inputenc Error: Unicode character ̈ (U+0308)
(inputenc)                not set up for use with LaTeX.

See the inputenc package documentation for explanation.
Type  H <return>  for immediate help.
 ...                                              
                                                  
l.328 Thompson,~A.; Wö
                        lmer,~N.; Koncarevic,~S.; Selzer,~S.; Böhm,~G.; Le...

? 

! Package inputenc Error: Unicode character ̈ (U+0308)
(inputenc)                not set up for use with LaTeX.

See the inputenc package documentation for explanation.
Type  H <return>  for immediate help.
 ...                                              
                                                  
l.328 ...mer,~N.; Koncarevic,~S.; Selzer,~S.; Bö
                                                  hm,~G.; Legner,~H.;
? 

! Package inputenc Error: Unicode character ̈ (U+0308)
(inputenc)                not set up for use with LaTeX.

See the inputenc package documentation for explanation.
Type  H <return>  for immediate help.
 ...                                              
                                                  
l.329   Schmid,~P.; Kienle,~S.; Penning,~P.; Hö
                                                 hle,~C., \latin{et~al.}  TM...

? 
[22] [23]

LaTeX Warning: Mciteplus max count has changed.


LaTeX Warning: Mciteplus max width has changed.

)

Package natbib Warning: There were undefined citations.


LaTeX Warning: Rerun to ensure correct mciteplus label max width/count.

[24]
Underfull \vbox (badness 10000) detected at line 268
 []

[25] (manuscript.aux

Package natbib Warning: Citation(s) may have changed.
(natbib)                Rerun to get citations correct.

)
Package rerunfilecheck Info: File `manuscript.out' has not changed.
(rerunfilecheck)             Checksum: D41D8CD98F00B204E9800998ECF8427E;0.
 ) 
Here is how much of TeX's memory you used:
 11816 strings out of 478927
 184588 string characters out of 2860496
 495483 words of memory out of 3000000
 29412 multiletter control sequences out of 15000+600000
 416724 words of font info for 72 fonts, out of 8000000 for 9000
 1141 hyphenation exceptions out of 8191
 84i,12n,131p,3096b,656s stack positions out of 5000i,500n,10000p,200000b,80000s
 <C:\Users\redas\AppData\Local\MiKTeX\2.9\fonts/pk/ljfour/jknappen/ec/dpi600\
tcrm0800.pk> <C:\Users\redas\AppData\Local\MiKTeX\2.9\fonts/pk/ljfour/jknappen/
ec/dpi600\tcrm1200.pk><C:/Program Files/MiKTeX 2.9/fonts/type1/public/amsfonts/
cm/cmbx10.pfb><C:/Program Files/MiKTeX 2.9/fonts/type1/public/amsfonts/cm/cmbx1
2.pfb><C:/Program Files/MiKTeX 2.9/fonts/type1/public/amsfonts/cm/cmbx8.pfb><C:
/Program Files/MiKTeX 2.9/fonts/type1/public/amsfonts/cm/cmmi10.pfb><C:/Program
 Files/MiKTeX 2.9/fonts/type1/public/amsfonts/cm/cmmi12.pfb><C:/Program Files/M
iKTeX 2.9/fonts/type1/public/amsfonts/cm/cmr10.pfb><C:/Program Files/MiKTeX 2.9
/fonts/type1/public/amsfonts/cm/cmr12.pfb><C:/Program Files/MiKTeX 2.9/fonts/ty
pe1/public/amsfonts/cm/cmr8.pfb><C:/Program Files/MiKTeX 2.9/fonts/type1/public
/amsfonts/cm/cmss12.pfb><C:/Program Files/MiKTeX 2.9/fonts/type1/public/amsfont
s/cm/cmssbx10.pfb><C:/Program Files/MiKTeX 2.9/fonts/type1/public/amsfonts/cm/c
mssi10.pfb><C:/Program Files/MiKTeX 2.9/fonts/type1/public/amsfonts/cm/cmsy10.p
fb><C:/Program Files/MiKTeX 2.9/fonts/type1/public/amsfonts/cm/cmsy5.pfb><C:/Pr
ogram Files/MiKTeX 2.9/fonts/type1/public/amsfonts/cm/cmsy8.pfb><C:/Program Fil
es/MiKTeX 2.9/fonts/type1/public/amsfonts/cm/cmti12.pfb>
Output written on manuscript.pdf (25 pages, 824373 bytes).
PDF statistics:
 695 PDF objects out of 1000 (max. 8388607)
 97 named destinations out of 1000 (max. 500000)
 21 words of extra memory for PDF output out of 10000 (max. 10000000)

