This is pdfTeX, Version 3.141592653-2.6-1.40.23 (MiKTeX 21.8) (preloaded format=pdflatex 2021.9.10)  22 FEB 2022 18:59
entering extended mode
**"C:/Users/redas/Desktop/my_publications/Mouse BOOST TurboTMT/tex_files/suppor
ting_figures.tex"

(C:/Users/redas/Desktop/my_publications/Mouse BOOST TurboTMT/tex_files/supporti
ng_figures.tex
LaTeX2e <2021-06-01> patch level 1
L3 programming layer <2021-08-27>
(C:\Program Files\MiKTeX 2.9\tex/latex/achemso\achemso.cls
Document Class: achemso 2021-01-20 v3.13c Submission to ACS journals
(C:\Program Files\MiKTeX 2.9\tex/latex/base\article.cls
Document Class: article 2021/02/12 v1.4n Standard LaTeX document class
(C:\Program Files\MiKTeX 2.9\tex/latex/base\size12.clo
File: size12.clo 2021/02/12 v1.4n Standard LaTeX file (size option)
)
\c@part=\count182
\c@section=\count183
\c@subsection=\count184
\c@subsubsection=\count185
\c@paragraph=\count186
\c@subparagraph=\count187
\c@figure=\count188
\c@table=\count189
\abovecaptionskip=\skip47
\belowcaptionskip=\skip48
\bibindent=\dimen138
)
(C:\Program Files\MiKTeX 2.9\tex/latex/xkeyval\xkeyval.sty
Package: xkeyval 2020/11/20 v2.8 package option processing (HA)

(C:\Program Files\MiKTeX 2.9\tex/generic/xkeyval\xkeyval.tex
(C:\Program Files\MiKTeX 2.9\tex/generic/xkeyval\xkvutils.tex
\XKV@toks=\toks16
\XKV@tempa@toks=\toks17

(C:\Program Files\MiKTeX 2.9\tex/generic/xkeyval\keyval.tex))
\XKV@depth=\count190
File: xkeyval.tex 2014/12/03 v2.7a key=value parser (HA)
))
\acs@bib@file=\write3
\c@bibnote=\count191

(C:\Program Files\MiKTeX 2.9\tex/latex/geometry\geometry.sty
Package: geometry 2020/01/02 v5.9 Page Geometry

(C:\Program Files\MiKTeX 2.9\tex/generic/iftex\ifvtex.sty
Package: ifvtex 2019/10/25 v1.7 ifvtex legacy package. Use iftex instead.

(C:\Program Files\MiKTeX 2.9\tex/generic/iftex\iftex.sty
Package: iftex 2020/03/06 v1.0d TeX engine tests
))
\Gm@cnth=\count192
\Gm@cntv=\count193
\c@Gm@tempcnt=\count194
\Gm@bindingoffset=\dimen139
\Gm@wd@mp=\dimen140
\Gm@odd@mp=\dimen141
\Gm@even@mp=\dimen142
\Gm@layoutwidth=\dimen143
\Gm@layoutheight=\dimen144
\Gm@layouthoffset=\dimen145
\Gm@layoutvoffset=\dimen146
\Gm@dimlist=\toks18

(C:\Program Files\MiKTeX 2.9\tex/latex/geometry\geometry.cfg))
(C:\Program Files\MiKTeX 2.9\tex/latex/caption\caption.sty
Package: caption 2020/10/26 v3.5g Customizing captions (AR)

(C:\Program Files\MiKTeX 2.9\tex/latex/caption\caption3.sty
Package: caption3 2020/10/21 v2.2e caption3 kernel (AR)
\captionmargin=\dimen147
\captionmargin@=\dimen148
\captionwidth=\dimen149
\caption@tempdima=\dimen150
\caption@indent=\dimen151
\caption@parindent=\dimen152
\caption@hangindent=\dimen153
Package caption Info: Standard document class detected.
)
\c@caption@flags=\count195
\c@continuedfloat=\count196
)
(C:\Program Files\MiKTeX 2.9\tex/latex/float\float.sty
Package: float 2001/11/08 v1.3d Float enhancements (AL)
\c@float@type=\count197
\float@exts=\toks19
\float@box=\box50
\@float@everytoks=\toks20
\@floatcapt=\box51
)
(C:\Program Files\MiKTeX 2.9\tex/latex/graphics\graphicx.sty
Package: graphicx 2020/12/05 v1.2c Enhanced LaTeX Graphics (DPC,SPQR)

(C:\Program Files\MiKTeX 2.9\tex/latex/graphics\graphics.sty
Package: graphics 2021/03/04 v1.4d Standard LaTeX Graphics (DPC,SPQR)

(C:\Program Files\MiKTeX 2.9\tex/latex/graphics\trig.sty
Package: trig 2016/01/03 v1.10 sin cos tan (DPC)
)
(C:\Program Files\MiKTeX 2.9\tex/latex/graphics-cfg\graphics.cfg
File: graphics.cfg 2016/06/04 v1.11 sample graphics configuration
)
Package graphics Info: Driver file: pdftex.def on input line 107.

(C:\Program Files\MiKTeX 2.9\tex/latex/graphics-def\pdftex.def
File: pdftex.def 2020/10/05 v1.2a Graphics/color driver for pdftex
))
\Gin@req@height=\dimen154
\Gin@req@width=\dimen155
)
(C:\Program Files\MiKTeX 2.9\tex/latex/setspace\setspace.sty
Package: setspace 2011/12/19 v6.7a set line spacing
)
(C:\Program Files\MiKTeX 2.9\tex/latex/url\url.sty
\Urlmuskip=\muskip16
Package: url 2013/09/16  ver 3.4  Verb mode for urls, etc.
)
\acs@author@cnt=\count198
\acs@affil@cnt=\count199
\acs@affil@alt@cnt=\count266
\acs@footnote@cnt=\count267
\acs@affil@marker@cnt=\count268
\acs@space@pre@title=\skip49
\acs@space@post@title=\skip50
\acs@space@post@author=\skip51
\acs@space@post@address=\skip52
\acs@space@post@email=\skip53
\acs@maketitle@width=\skip54
\@float@every@scheme=\toks21
\c@scheme=\count269
\@float@every@chart=\toks22
\c@chart=\count270
\@float@every@graph=\toks23
\c@graph=\count271
\@float@every@table=\toks24
\acs@collect@toks=\toks25
\acs@collect@empty@toks=\toks26
\acs@tocentry@height=\skip55
\acs@tocentry@width=\skip56

(C:\Program Files\MiKTeX 2.9\tex/latex/achemso\achemso-jprobs.cfg
File: achemso-jprobs.cfg 2021-01-20 v3.13c achemso configuration: J. Proteome R
es.
)
(C:\Program Files\MiKTeX 2.9\tex/latex/natbib\natbib.sty
Package: natbib 2010/09/13 8.31b (PWD, AO)
\bibhang=\skip57
\bibsep=\skip58
LaTeX Info: Redefining \cite on input line 694.
\c@NAT@ctr=\count272
)
(C:\Program Files\MiKTeX 2.9\tex/latex/achemso\natmove.sty
Package: natmove 2010/01/15 v1.1a Automatic citation moving with natbib
)
(C:\Program Files\MiKTeX 2.9\tex/latex/mciteplus\mciteplus.sty
Package: mciteplus 2013/09/13 v1.2 enhanced mcite
\@mcitetmptoksA=\toks27
\@mcitetmpdima=\dimen156
\@mcitetmpdimb=\dimen157
\@mcitetmpcnta=\count273
\@mcitetmpcntb=\count274
\c@mcitebibitemcount=\count275
\c@mcitesubitemcount=\count276

** mciteplus: Detected natbib.sty. Invoking hooks.
)) (C:\Program Files\MiKTeX 2.9\tex/latex/base\inputenc.sty
Package: inputenc 2021/02/14 v1.3d Input encoding file
\inpenc@prehook=\toks28
\inpenc@posthook=\toks29
)
(C:\Program Files\MiKTeX 2.9\tex/latex/amsmath\amsmath.sty
Package: amsmath 2021/04/20 v2.17j AMS math features
\@mathmargin=\skip59

For additional information on amsmath, use the `?' option.
(C:\Program Files\MiKTeX 2.9\tex/latex/amsmath\amstext.sty
Package: amstext 2000/06/29 v2.01 AMS text

(C:\Program Files\MiKTeX 2.9\tex/latex/amsmath\amsgen.sty
File: amsgen.sty 1999/11/30 v2.0 generic functions
\@emptytoks=\toks30
\ex@=\dimen158
))
(C:\Program Files\MiKTeX 2.9\tex/latex/amsmath\amsbsy.sty
Package: amsbsy 1999/11/29 v1.2d Bold Symbols
\pmbraise@=\dimen159
)
(C:\Program Files\MiKTeX 2.9\tex/latex/amsmath\amsopn.sty
Package: amsopn 2016/03/08 v2.02 operator names
)
\inf@bad=\count277
LaTeX Info: Redefining \frac on input line 234.
\uproot@=\count278
\leftroot@=\count279
LaTeX Info: Redefining \overline on input line 399.
\classnum@=\count280
\DOTSCASE@=\count281
LaTeX Info: Redefining \ldots on input line 496.
LaTeX Info: Redefining \dots on input line 499.
LaTeX Info: Redefining \cdots on input line 620.
\Mathstrutbox@=\box52
\strutbox@=\box53
\big@size=\dimen160
LaTeX Font Info:    Redeclaring font encoding OML on input line 743.
LaTeX Font Info:    Redeclaring font encoding OMS on input line 744.
\macc@depth=\count282
\c@MaxMatrixCols=\count283
\dotsspace@=\muskip17
\c@parentequation=\count284
\dspbrk@lvl=\count285
\tag@help=\toks31
\row@=\count286
\column@=\count287
\maxfields@=\count288
\andhelp@=\toks32
\eqnshift@=\dimen161
\alignsep@=\dimen162
\tagshift@=\dimen163
\tagwidth@=\dimen164
\totwidth@=\dimen165
\lineht@=\dimen166
\@envbody=\toks33
\multlinegap=\skip60
\multlinetaggap=\skip61
\mathdisplay@stack=\toks34
LaTeX Info: Redefining \[ on input line 2923.
LaTeX Info: Redefining \] on input line 2924.
)
(C:\Program Files\MiKTeX 2.9\tex/latex/hyperref\hyperref.sty
Package: hyperref 2021-06-07 v7.00m Hypertext links for LaTeX

(C:\Program Files\MiKTeX 2.9\tex/generic/ltxcmds\ltxcmds.sty
Package: ltxcmds 2020-05-10 v1.25 LaTeX kernel commands for general use (HO)
)
(C:\Program Files\MiKTeX 2.9\tex/generic/pdftexcmds\pdftexcmds.sty
Package: pdftexcmds 2020-06-27 v0.33 Utility functions of pdfTeX for LuaTeX (HO
)

(C:\Program Files\MiKTeX 2.9\tex/generic/infwarerr\infwarerr.sty
Package: infwarerr 2019/12/03 v1.5 Providing info/warning/error messages (HO)
)
Package pdftexcmds Info: \pdf@primitive is available.
Package pdftexcmds Info: \pdf@ifprimitive is available.
Package pdftexcmds Info: \pdfdraftmode found.
)
(C:\Program Files\MiKTeX 2.9\tex/generic/kvsetkeys\kvsetkeys.sty
Package: kvsetkeys 2019/12/15 v1.18 Key value parser (HO)
)
(C:\Program Files\MiKTeX 2.9\tex/generic/kvdefinekeys\kvdefinekeys.sty
Package: kvdefinekeys 2019-12-19 v1.6 Define keys (HO)
)
(C:\Program Files\MiKTeX 2.9\tex/generic/pdfescape\pdfescape.sty
Package: pdfescape 2019/12/09 v1.15 Implements pdfTeX's escape features (HO)
)
(C:\Program Files\MiKTeX 2.9\tex/latex/hycolor\hycolor.sty
Package: hycolor 2020-01-27 v1.10 Color options for hyperref/bookmark (HO)
)
(C:\Program Files\MiKTeX 2.9\tex/latex/letltxmacro\letltxmacro.sty
Package: letltxmacro 2019/12/03 v1.6 Let assignment for LaTeX macros (HO)
)
(C:\Program Files\MiKTeX 2.9\tex/latex/auxhook\auxhook.sty
Package: auxhook 2019-12-17 v1.6 Hooks for auxiliary files (HO)
)
(C:\Program Files\MiKTeX 2.9\tex/latex/kvoptions\kvoptions.sty
Package: kvoptions 2020-10-07 v3.14 Key value format for package options (HO)
)
\@linkdim=\dimen167
\Hy@linkcounter=\count289
\Hy@pagecounter=\count290

(C:\Program Files\MiKTeX 2.9\tex/latex/hyperref\pd1enc.def
File: pd1enc.def 2021-06-07 v7.00m Hyperref: PDFDocEncoding definition (HO)
Now handling font encoding PD1 ...
... no UTF-8 mapping file for font encoding PD1
)
(C:\Program Files\MiKTeX 2.9\tex/latex/hyperref\hyperref-langpatches.def
File: hyperref-langpatches.def 2021-06-07 v7.00m Hyperref: patches for babel la
nguages
)
(C:\Program Files\MiKTeX 2.9\tex/generic/intcalc\intcalc.sty
Package: intcalc 2019/12/15 v1.3 Expandable calculations with integers (HO)
)
(C:\Program Files\MiKTeX 2.9\tex/generic/etexcmds\etexcmds.sty
Package: etexcmds 2019/12/15 v1.7 Avoid name clashes with e-TeX commands (HO)
)
\Hy@SavedSpaceFactor=\count291

(C:\Program Files\MiKTeX 2.9\tex/latex/hyperref\puenc.def
File: puenc.def 2021-06-07 v7.00m Hyperref: PDF Unicode definition (HO)
Now handling font encoding PU ...
... no UTF-8 mapping file for font encoding PU
)
Package hyperref Info: Hyper figures OFF on input line 4192.
Package hyperref Info: Link nesting OFF on input line 4197.
Package hyperref Info: Hyper index ON on input line 4200.
Package hyperref Info: Plain pages OFF on input line 4207.
Package hyperref Info: Backreferencing OFF on input line 4212.
Package hyperref Info: Implicit mode ON; LaTeX internals redefined.
Package hyperref Info: Bookmarks ON on input line 4445.
\c@Hy@tempcnt=\count292
LaTeX Info: Redefining \url on input line 4804.
\XeTeXLinkMargin=\dimen168

(C:\Program Files\MiKTeX 2.9\tex/generic/bitset\bitset.sty
Package: bitset 2019/12/09 v1.3 Handle bit-vector datatype (HO)

(C:\Program Files\MiKTeX 2.9\tex/generic/bigintcalc\bigintcalc.sty
Package: bigintcalc 2019/12/15 v1.5 Expandable calculations on big integers (HO
)
))
\Fld@menulength=\count293
\Field@Width=\dimen169
\Fld@charsize=\dimen170
Package hyperref Info: Hyper figures OFF on input line 6076.
Package hyperref Info: Link nesting OFF on input line 6081.
Package hyperref Info: Hyper index ON on input line 6084.
Package hyperref Info: backreferencing OFF on input line 6091.
Package hyperref Info: Link coloring OFF on input line 6096.
Package hyperref Info: Link coloring with OCG OFF on input line 6101.
Package hyperref Info: PDF/A mode OFF on input line 6106.
LaTeX Info: Redefining \ref on input line 6146.
LaTeX Info: Redefining \pageref on input line 6150.

(C:\Program Files\MiKTeX 2.9\tex/latex/base\atbegshi-ltx.sty
Package: atbegshi-ltx 2021/01/10 v1.0c Emulation of the original atbegshi
package with kernel methods
)
\Hy@abspage=\count294
\c@Item=\count295
\c@Hfootnote=\count296
)
Package hyperref Info: Driver (autodetected): hpdftex.

(C:\Program Files\MiKTeX 2.9\tex/latex/hyperref\hpdftex.def
File: hpdftex.def 2021-06-07 v7.00m Hyperref driver for pdfTeX

(C:\Program Files\MiKTeX 2.9\tex/latex/base\atveryend-ltx.sty
Package: atveryend-ltx 2020/08/19 v1.0a Emulation of the original atvery packag
e
with kernel methods
)
\Fld@listcount=\count297
\c@bookmark@seq@number=\count298

(C:\Program Files\MiKTeX 2.9\tex/latex/rerunfilecheck\rerunfilecheck.sty
Package: rerunfilecheck 2019/12/05 v1.9 Rerun checks for auxiliary files (HO)

(C:\Program Files\MiKTeX 2.9\tex/generic/uniquecounter\uniquecounter.sty
Package: uniquecounter 2019/12/15 v1.4 Provide unlimited unique counter (HO)
)
Package uniquecounter Info: New unique counter `rerunfilecheck' on input line 2
86.
)
\Hy@SectionHShift=\skip62
)
(C:\Program Files\MiKTeX 2.9\tex/latex/fancyhdr\fancyhdr.sty
Package: fancyhdr 2021/01/28 v4.0.1 Extensive control of page headers and foote
rs
\f@nch@headwidth=\skip63
\f@nch@O@elh=\skip64
\f@nch@O@erh=\skip65
\f@nch@O@olh=\skip66
\f@nch@O@orh=\skip67
\f@nch@O@elf=\skip68
\f@nch@O@erf=\skip69
\f@nch@O@olf=\skip70
\f@nch@O@orf=\skip71
)
(C:\Program Files\MiKTeX 2.9\tex/latex/l3backend\l3backend-pdftex.def
File: l3backend-pdftex.def 2021-08-04 L3 backend support: PDF output (pdfTeX)
\l__color_backend_stack_int=\count299
\l__pdf_internal_box=\box54
)
No file supporting_figures.aux.
\openout1 = `supporting_figures.aux'.

LaTeX Font Info:    Checking defaults for OML/cmm/m/it on input line 69.
LaTeX Font Info:    ... okay on input line 69.
LaTeX Font Info:    Checking defaults for OMS/cmsy/m/n on input line 69.
LaTeX Font Info:    ... okay on input line 69.
LaTeX Font Info:    Checking defaults for OT1/cmr/m/n on input line 69.
LaTeX Font Info:    ... okay on input line 69.
LaTeX Font Info:    Checking defaults for T1/cmr/m/n on input line 69.
LaTeX Font Info:    ... okay on input line 69.
LaTeX Font Info:    Checking defaults for TS1/cmr/m/n on input line 69.
LaTeX Font Info:    ... okay on input line 69.
LaTeX Font Info:    Checking defaults for OMX/cmex/m/n on input line 69.
LaTeX Font Info:    ... okay on input line 69.
LaTeX Font Info:    Checking defaults for U/cmr/m/n on input line 69.
LaTeX Font Info:    ... okay on input line 69.
LaTeX Font Info:    Checking defaults for PD1/pdf/m/n on input line 69.
LaTeX Font Info:    ... okay on input line 69.
LaTeX Font Info:    Checking defaults for PU/pdf/m/n on input line 69.
LaTeX Font Info:    ... okay on input line 69.
\openout3 = `acs-supporting_figures.bib'.

*geometry* driver: auto-detecting
*geometry* detected driver: pdftex
*geometry* verbose mode - [ preamble ] result:
* driver: pdftex
* paper: <default>
* layout: <same size as paper>
* layoutoffset:(h,v)=(0.0pt,0.0pt)
* modes: 
* h-part:(L,W,R)=(72.2698pt, 469.75539pt, 72.2698pt)
* v-part:(T,H,B)=(72.2698pt, 650.43037pt, 72.2698pt)
* \paperwidth=614.295pt
* \paperheight=794.96999pt
* \textwidth=469.75539pt
* \textheight=650.43037pt
* \oddsidemargin=-0.00018pt
* \evensidemargin=-0.00018pt
* \topmargin=-37.00018pt
* \headheight=12.0pt
* \headsep=25.0pt
* \topskip=12.0pt
* \footskip=30.0pt
* \marginparwidth=44.0pt
* \marginparsep=10.0pt
* \columnsep=10.0pt
* \skip\footins=10.8pt plus 4.0pt minus 2.0pt
* \hoffset=0.0pt
* \voffset=0.0pt
* \mag=1000
* \@twocolumnfalse
* \@twosidefalse
* \@mparswitchfalse
* \@reversemarginfalse
* (1in=72.27pt=25.4mm, 1cm=28.453pt)

Package caption Info: Begin \AtBeginDocument code.
Package caption Info: float package is loaded.
Package caption Info: hyperref package is loaded.
Package caption Info: End \AtBeginDocument code.
(C:\Program Files\MiKTeX 2.9\tex/context/base/mkii\supp-pdf.mkii
[Loading MPS to PDF converter (version 2006.09.02).]
\scratchcounter=\count300
\scratchdimen=\dimen171
\scratchbox=\box55
\nofMPsegments=\count301
\nofMParguments=\count302
\everyMPshowfont=\toks35
\MPscratchCnt=\count303
\MPscratchDim=\dimen172
\MPnumerator=\count304
\makeMPintoPDFobject=\count305
\everyMPtoPDFconversion=\toks36
) (C:\Program Files\MiKTeX 2.9\tex/latex/epstopdf-pkg\epstopdf-base.sty
Package: epstopdf-base 2020-01-24 v2.11 Base part for package epstopdf
Package epstopdf-base Info: Redefining graphics rule for `.eps' on input line 4
85.

(C:\Program Files\MiKTeX 2.9\tex/latex/00miktex\epstopdf-sys.cfg
File: epstopdf-sys.cfg 2021/03/18 v2.0 Configuration of epstopdf for MiKTeX
))
Package hyperref Info: Link coloring OFF on input line 69.

(C:\Program Files\MiKTeX 2.9\tex/latex/hyperref\nameref.sty
Package: nameref 2021-04-02 v2.47 Cross-referencing by name of section

(C:\Program Files\MiKTeX 2.9\tex/latex/refcount\refcount.sty
Package: refcount 2019/12/15 v3.6 Data extraction from label references (HO)
)
(C:\Program Files\MiKTeX 2.9\tex/generic/gettitlestring\gettitlestring.sty
Package: gettitlestring 2019/12/15 v1.6 Cleanup title references (HO)
)
\c@section@level=\count306
)
LaTeX Info: Redefining \ref on input line 69.
LaTeX Info: Redefining \pageref on input line 69.
LaTeX Info: Redefining \nameref on input line 69.
\@outlinefile=\write4
\openout4 = `supporting_figures.out'.

LaTeX Font Info:    Font shape `OT1/cmss/m/it' in size <14.4> not available
(Font)              Font shape `OT1/cmss/m/sl' tried instead on input line 70.
LaTeX Font Info:    Font shape `OT1/cmss/m/it' in size <10.95> not available
(Font)              Font shape `OT1/cmss/m/sl' tried instead on input line 70.


Class achemso Warning: No affiliation given for author
(achemso)              Xien Yu Chua$^{1}$, Kenneth P. Callahan$^{2}$, Alijah A.
 Griffith$^{2}$, Tobias Hildebrandt$^{2}$, Guoping Fu$^{3}$, Mengzhou Hu$^{1}$,
 Renren Wen$^{3}$, Arthur R. Salomon$^{2,*}$ \\ \def 1{1}\tiny \vskip \baseline
skip \textit {\small {$1$ Department of Molecular Pharmacology, Physiology \& B
iotechnology, Brown University, Providence, RI, 02912}} \\ \textit {\small {$2$
 Department of Molecular Biology, Cell Biology \& Biochemistry, Brown Universit
y, Providence, RI, 02912}} \\ \textit {\small {$3$ Blood Research Institute, Bl
ood Center of Wisconsin, Milwaukee, WI, 53226}} \\ \textit {\small {$*$} Corres
ponding Author}\tiny  on input line 70.


Class achemso Warning: No affiliations: at least one affiliation is needed on i
nput line 70.

[1

{C:/Users/redas/AppData/Local/MiKTeX/2.9/pdftex/config/pdftex.map}]

LaTeX Warning: Hyper reference `boost_gained_peps' on page 1 undefined on input
 line 96.


LaTeX Warning: Reference `boost_gained_peps' on page 1 undefined on input line 
96.


LaTeX Warning: Hyper reference `nosdm_overlap_peps' on page 1 undefined on inpu
t line 99.


LaTeX Warning: Reference `nosdm_overlap_peps' on page 1 undefined on input line
 99.


LaTeX Warning: Hyper reference `control_only_peps' on page 1 undefined on input
 line 101.


LaTeX Warning: Reference `control_only_peps' on page 1 undefined on input line 
101.


LaTeX Warning: Hyper reference `boostsdm_gained_peps' on page 1 undefined on in
put line 104.


LaTeX Warning: Reference `boostsdm_gained_peps' on page 1 undefined on input li
ne 104.


LaTeX Warning: Hyper reference `sdm_overlap_peps' on page 1 undefined on input 
line 107.


LaTeX Warning: Reference `sdm_overlap_peps' on page 1 undefined on input line 1
07.


LaTeX Warning: Hyper reference `controlsdm_only_peps' on page 1 undefined on in
put line 110.


LaTeX Warning: Reference `controlsdm_only_peps' on page 1 undefined on input li
ne 110.


LaTeX Warning: Hyper reference `locprob' on page 1 undefined on input line 117.



LaTeX Warning: Reference `locprob' on page 1 undefined on input line 117.


LaTeX Warning: Hyper reference `nancounts' on page 1 undefined on input line 12
1.


LaTeX Warning: Reference `nancounts' on page 1 undefined on input line 121.


LaTeX Warning: Hyper reference `intensity_plots' on page 1 undefined on input l
ine 123.


LaTeX Warning: Reference `intensity_plots' on page 1 undefined on input line 12
3.


LaTeX Warning: Hyper reference `boost_replicate_reprod' on page 1 undefined on 
input line 126.


LaTeX Warning: Reference `boost_replicate_reprod' on page 1 undefined on input 
line 126.


LaTeX Warning: Hyper reference `boostsdm_replicate_reprod' on page 1 undefined 
on input line 129.


LaTeX Warning: Reference `boostsdm_replicate_reprod' on page 1 undefined on inp
ut line 129.


LaTeX Warning: Hyper reference `control_replicate_reprod' on page 1 undefined o
n input line 132.


LaTeX Warning: Reference `control_replicate_reprod' on page 1 undefined on inpu
t line 132.


LaTeX Warning: Hyper reference `controlsdm_replicate_reprod' on page 1 undefine
d on input line 136.


LaTeX Warning: Reference `controlsdm_replicate_reprod' on page 1 undefined on i
nput line 136.


LaTeX Warning: Hyper reference `boost_control_gained_qvolcanoes' on page 1 unde
fined on input line 140.


LaTeX Warning: Reference `boost_control_gained_qvolcanoes' on page 1 undefined 
on input line 140.


LaTeX Warning: Hyper reference `boostsdm_controlsdm_gained_qvolcanoes' on page 
1 undefined on input line 144.


LaTeX Warning: Reference `boostsdm_controlsdm_gained_qvolcanoes' on page 1 unde
fined on input line 144.


LaTeX Warning: Hyper reference `set_overlap_2' on page 1 undefined on input lin
e 147.


LaTeX Warning: Reference `set_overlap_2' on page 1 undefined on input line 147.



LaTeX Warning: Hyper reference `boost_factor_cdfs' on page 1 undefined on input
 line 151.


LaTeX Warning: Reference `boost_factor_cdfs' on page 1 undefined on input line 
151.


Package fancyhdr Warning: \headheight is too small (12.0pt): 
(fancyhdr)                Make it at least 14.49998pt, for example:
(fancyhdr)                \setlength{\headheight}{14.49998pt}.
(fancyhdr)                You might also make \topmargin smaller to compensate:

(fancyhdr)                \addtolength{\topmargin}{-2.49998pt}.

[1]

LaTeX Warning: `!h' float specifier changed to `!ht'.


LaTeX Warning: `!h' float specifier changed to `!ht'.


LaTeX Warning: Reference `boost_gained_peps' on page 2 undefined on input line 
201.


LaTeX Warning: Reference `controlsdm_only_peps' on page 2 undefined on input li
ne 201.


LaTeX Warning: Reference `boost_gained_peps' on page 2 undefined on input line 
201.


LaTeX Warning: Reference `controlsdm_only_peps' on page 2 undefined on input li
ne 201.


LaTeX Warning: `!h' float specifier changed to `!ht'.


Package fancyhdr Warning: \headheight is too small (12.0pt): 
(fancyhdr)                Make it at least 14.49998pt, for example:
(fancyhdr)                \setlength{\headheight}{14.49998pt}.
(fancyhdr)                You might also make \topmargin smaller to compensate:

(fancyhdr)                \addtolength{\topmargin}{-2.49998pt}.

[2]

Package fancyhdr Warning: \headheight is too small (12.0pt): 
(fancyhdr)                Make it at least 14.49998pt, for example:
(fancyhdr)                \setlength{\headheight}{14.49998pt}.
(fancyhdr)                You might also make \topmargin smaller to compensate:

(fancyhdr)                \addtolength{\topmargin}{-2.49998pt}.

[3pdfTeX warning (ext4): destination with the same identifier (name{table.1}) h
as been already used, duplicate ignored
<argument> ...shipout:D \box_use:N \l_shipout_box 
                                                  \__shipout_drop_firstpage_...
l.216 \clearpage
                pdfTeX warning (ext4): destination with the same identifier (na
me{table.2}) has been already used, duplicate ignored
<argument> ...shipout:D \box_use:N \l_shipout_box 
                                                  \__shipout_drop_firstpage_...
l.216 \clearpage
                ]

pdfTeX warning: pdflatex (file C:/Users/redas/Desktop/my_publications/Mouse BOO
ST TurboTMT/tex_files/figures/supplements/locprob.pdf): PDF inclusion: found PD
F version <1.6>, but at most version <1.5> allowed
<figures/supplements/locprob.pdf, id=52, 880.89098pt x 846.49147pt>
File: figures/supplements/locprob.pdf Graphic file (type pdf)
<use figures/supplements/locprob.pdf>
Package pdftex.def Info: figures/supplements/locprob.pdf  used on input line 22
0.
(pdftex.def)             Requested size: 497.92322pt x 478.47523pt.

Overfull \hbox (28.16783pt too wide) in paragraph at lines 220--221
 [][] 
 []



pdfTeX warning: pdflatex (file C:/Users/redas/Desktop/my_publications/Mouse BOO
ST TurboTMT/tex_files/figures/supplements/nancounts.pdf): PDF inclusion: found 
PDF version <1.6>, but at most version <1.5> allowed
<figures/supplements/nancounts.pdf, id=53, 633.14043pt x 449.82553pt>
File: figures/supplements/nancounts.pdf Graphic file (type pdf)
<use figures/supplements/nancounts.pdf>
Package pdftex.def Info: figures/supplements/nancounts.pdf  used on input line 
226.
(pdftex.def)             Requested size: 426.79134pt x 303.22789pt.


pdfTeX warning: pdflatex (file C:/Users/redas/Desktop/my_publications/Mouse BOO
ST TurboTMT/tex_files/figures/supplements/intensity_plots.pdf): PDF inclusion: 
found PDF version <1.6>, but at most version <1.5> allowed
<figures/supplements/intensity_plots.pdf, id=54, 876.35603pt x 984.16481pt>
File: figures/supplements/intensity_plots.pdf Graphic file (type pdf)
<use figures/supplements/intensity_plots.pdf>
Package pdftex.def Info: figures/supplements/intensity_plots.pdf  used on input
 line 234.
(pdftex.def)             Requested size: 426.79134pt x 479.2866pt.

Package fancyhdr Warning: \headheight is too small (12.0pt): 
(fancyhdr)                Make it at least 14.49998pt, for example:
(fancyhdr)                \setlength{\headheight}{14.49998pt}.
(fancyhdr)                You might also make \topmargin smaller to compensate:

(fancyhdr)                \addtolength{\topmargin}{-2.49998pt}.

[4 <C:/Users/redas/Desktop/my_publications/Mouse BOOST TurboTMT/tex_files/figur
es/supplements/locprob.pdf>]

Package fancyhdr Warning: \headheight is too small (12.0pt): 
(fancyhdr)                Make it at least 14.49998pt, for example:
(fancyhdr)                \setlength{\headheight}{14.49998pt}.
(fancyhdr)                You might also make \topmargin smaller to compensate:

(fancyhdr)                \addtolength{\topmargin}{-2.49998pt}.

[5 <C:/Users/redas/Desktop/my_publications/Mouse BOOST TurboTMT/tex_files/figur
es/supplements/nancounts.pdf>]

Package fancyhdr Warning: \headheight is too small (12.0pt): 
(fancyhdr)                Make it at least 14.49998pt, for example:
(fancyhdr)                \setlength{\headheight}{14.49998pt}.
(fancyhdr)                You might also make \topmargin smaller to compensate:

(fancyhdr)                \addtolength{\topmargin}{-2.49998pt}.

[6 <C:/Users/redas/Desktop/my_publications/Mouse BOOST TurboTMT/tex_files/figur
es/supplements/intensity_plots.pdf>]

pdfTeX warning: pdflatex (file C:/Users/redas/Desktop/my_publications/Mouse BOO
ST TurboTMT/tex_files/figures/supplements/boost_replicate_reprod.pdf): PDF incl
usion: found PDF version <1.6>, but at most version <1.5> allowed
<figures/supplements/boost_replicate_reprod.pdf, id=109, 907.09894pt x 907.0989
4pt>
File: figures/supplements/boost_replicate_reprod.pdf Graphic file (type pdf)
<use figures/supplements/boost_replicate_reprod.pdf>
Package pdftex.def Info: figures/supplements/boost_replicate_reprod.pdf  used o
n input line 242.
(pdftex.def)             Requested size: 497.92322pt x 497.92323pt.

Overfull \hbox (28.16783pt too wide) in paragraph at lines 242--243
 [][] 
 []


LaTeX Warning: Text page 7 contains only floats.


Package fancyhdr Warning: \headheight is too small (12.0pt): 
(fancyhdr)                Make it at least 14.49998pt, for example:
(fancyhdr)                \setlength{\headheight}{14.49998pt}.
(fancyhdr)                You might also make \topmargin smaller to compensate:

(fancyhdr)                \addtolength{\topmargin}{-2.49998pt}.

[7


 <C:/Users/redas/Desktop/my_publications/Mouse BOOST TurboTMT/tex_files/figures
/supplements/boost_replicate_reprod.pdf>]

pdfTeX warning: pdflatex (file C:/Users/redas/Desktop/my_publications/Mouse BOO
ST TurboTMT/tex_files/figures/supplements/boostsdm_replicate_reprod.pdf): PDF i
nclusion: found PDF version <1.6>, but at most version <1.5> allowed
<figures/supplements/boostsdm_replicate_reprod.pdf, id=52731, 907.09894pt x 907
.09894pt>
File: figures/supplements/boostsdm_replicate_reprod.pdf Graphic file (type pdf)

<use figures/supplements/boostsdm_replicate_reprod.pdf>
Package pdftex.def Info: figures/supplements/boostsdm_replicate_reprod.pdf  use
d on input line 250.
(pdftex.def)             Requested size: 497.92322pt x 497.92323pt.

Overfull \hbox (28.16783pt too wide) in paragraph at lines 250--251
 [][] 
 []


LaTeX Warning: Text page 8 contains only floats.


Package fancyhdr Warning: \headheight is too small (12.0pt): 
(fancyhdr)                Make it at least 14.49998pt, for example:
(fancyhdr)                \setlength{\headheight}{14.49998pt}.
(fancyhdr)                You might also make \topmargin smaller to compensate:

(fancyhdr)                \addtolength{\topmargin}{-2.49998pt}.

[8

 <C:/Users/redas/Desktop/my_publications/Mouse BOOST TurboTMT/tex_files/figures
/supplements/boostsdm_replicate_reprod.pdf>]

pdfTeX warning: pdflatex (file C:/Users/redas/Desktop/my_publications/Mouse BOO
ST TurboTMT/tex_files/figures/supplements/control_replicate_reprod.pdf): PDF in
clusion: found PDF version <1.6>, but at most version <1.5> allowed
<figures/supplements/control_replicate_reprod.pdf, id=75329, 907.09894pt x 907.
09894pt>
File: figures/supplements/control_replicate_reprod.pdf Graphic file (type pdf)
<use figures/supplements/control_replicate_reprod.pdf>
Package pdftex.def Info: figures/supplements/control_replicate_reprod.pdf  used
 on input line 258.
(pdftex.def)             Requested size: 497.92322pt x 497.92323pt.

Overfull \hbox (28.16783pt too wide) in paragraph at lines 258--259
 [][] 
 []


LaTeX Warning: Text page 9 contains only floats.


Package fancyhdr Warning: \headheight is too small (12.0pt): 
(fancyhdr)                Make it at least 14.49998pt, for example:
(fancyhdr)                \setlength{\headheight}{14.49998pt}.
(fancyhdr)                You might also make \topmargin smaller to compensate:

(fancyhdr)                \addtolength{\topmargin}{-2.49998pt}.

[9

 <C:/Users/redas/Desktop/my_publications/Mouse BOOST TurboTMT/tex_files/figures
/supplements/control_replicate_reprod.pdf>]

pdfTeX warning: pdflatex (file C:/Users/redas/Desktop/my_publications/Mouse BOO
ST TurboTMT/tex_files/figures/supplements/controlsdm_replicate_reprod.pdf): PDF
 inclusion: found PDF version <1.6>, but at most version <1.5> allowed
<figures/supplements/controlsdm_replicate_reprod.pdf, id=89287, 907.09894pt x 9
07.09894pt>
File: figures/supplements/controlsdm_replicate_reprod.pdf Graphic file (type pd
f)
<use figures/supplements/controlsdm_replicate_reprod.pdf>
Package pdftex.def Info: figures/supplements/controlsdm_replicate_reprod.pdf  u
sed on input line 266.
(pdftex.def)             Requested size: 497.92322pt x 497.92323pt.

Overfull \hbox (28.16783pt too wide) in paragraph at lines 266--267
 [][] 
 []


LaTeX Warning: Text page 10 contains only floats.


Package fancyhdr Warning: \headheight is too small (12.0pt): 
(fancyhdr)                Make it at least 14.49998pt, for example:
(fancyhdr)                \setlength{\headheight}{14.49998pt}.
(fancyhdr)                You might also make \topmargin smaller to compensate:

(fancyhdr)                \addtolength{\topmargin}{-2.49998pt}.

[10

 <C:/Users/redas/Desktop/my_publications/Mouse BOOST TurboTMT/tex_files/figures
/supplements/controlsdm_replicate_reprod.pdf>]

pdfTeX warning: pdflatex (file C:/Users/redas/Desktop/my_publications/Mouse BOO
ST TurboTMT/tex_files/figures/supplements/boost_control_gained_qvolcanoes.pdf):
 PDF inclusion: found PDF version <1.6>, but at most version <1.5> allowed
<figures/supplements/boost_control_gained_qvolcanoes.pdf, id=98739, 772.50908pt
 x 1061.79681pt>
File: figures/supplements/boost_control_gained_qvolcanoes.pdf Graphic file (typ
e pdf)
<use figures/supplements/boost_control_gained_qvolcanoes.pdf>
Package pdftex.def Info: figures/supplements/boost_control_gained_qvolcanoes.pd
f  used on input line 274.
(pdftex.def)             Requested size: 384.1122pt x 527.9484pt.

Package fancyhdr Warning: \headheight is too small (12.0pt): 
(fancyhdr)                Make it at least 14.49998pt, for example:
(fancyhdr)                \setlength{\headheight}{14.49998pt}.
(fancyhdr)                You might also make \topmargin smaller to compensate:

(fancyhdr)                \addtolength{\topmargin}{-2.49998pt}.

[11 <C:/Users/redas/Desktop/my_publications/Mouse BOOST TurboTMT/tex_files/figu
res/supplements/boost_control_gained_qvolcanoes.pdf>]

pdfTeX warning: pdflatex (file C:/Users/redas/Desktop/my_publications/Mouse BOO
ST TurboTMT/tex_files/figures/supplements/boostsdm_controlsdm_gained_qvolcanoes
.pdf): PDF inclusion: found PDF version <1.6>, but at most version <1.5> allowe
d
<figures/supplements/boostsdm_controlsdm_gained_qvolcanoes.pdf, id=98909, 784.8
1108pt x 1061.79681pt>
File: figures/supplements/boostsdm_controlsdm_gained_qvolcanoes.pdf Graphic fil
e (type pdf)
<use figures/supplements/boostsdm_controlsdm_gained_qvolcanoes.pdf>
Package pdftex.def Info: figures/supplements/boostsdm_controlsdm_gained_qvolcan
oes.pdf  used on input line 288.
(pdftex.def)             Requested size: 384.1122pt x 519.68553pt.

Package fancyhdr Warning: \headheight is too small (12.0pt): 
(fancyhdr)                Make it at least 14.49998pt, for example:
(fancyhdr)                \setlength{\headheight}{14.49998pt}.
(fancyhdr)                You might also make \topmargin smaller to compensate:

(fancyhdr)                \addtolength{\topmargin}{-2.49998pt}.

[12 <C:/Users/redas/Desktop/my_publications/Mouse BOOST TurboTMT/tex_files/figu
res/supplements/boostsdm_controlsdm_gained_qvolcanoes.pdf>]

pdfTeX warning: pdflatex (file C:/Users/redas/Desktop/my_publications/Mouse BOO
ST TurboTMT/tex_files/figures/supplements/set_overlap_2.pdf): PDF inclusion: fo
und PDF version <1.6>, but at most version <1.5> allowed
<figures/supplements/set_overlap_2.pdf, id=99092, 1019.68956pt x 400.49725pt>
File: figures/supplements/set_overlap_2.pdf Graphic file (type pdf)
<use figures/supplements/set_overlap_2.pdf>
Package pdftex.def Info: figures/supplements/set_overlap_2.pdf  used on input l
ine 302.
(pdftex.def)             Requested size: 469.47046pt x 184.39597pt.

Package fancyhdr Warning: \headheight is too small (12.0pt): 
(fancyhdr)                Make it at least 14.49998pt, for example:
(fancyhdr)                \setlength{\headheight}{14.49998pt}.
(fancyhdr)                You might also make \topmargin smaller to compensate:

(fancyhdr)                \addtolength{\topmargin}{-2.49998pt}.

[13 <C:/Users/redas/Desktop/my_publications/Mouse BOOST TurboTMT/tex_files/figu
res/supplements/set_overlap_2.pdf>]

pdfTeX warning: pdflatex (file C:/Users/redas/Desktop/my_publications/Mouse BOO
ST TurboTMT/tex_files/figures/supplements/boost_factor_cdfs.pdf): PDF inclusion
: found PDF version <1.6>, but at most version <1.5> allowed
<figures/supplements/boost_factor_cdfs.pdf, id=99140, 812.72934pt x 860.68248pt
>
File: figures/supplements/boost_factor_cdfs.pdf Graphic file (type pdf)
<use figures/supplements/boost_factor_cdfs.pdf>
Package pdftex.def Info: figures/supplements/boost_factor_cdfs.pdf  used on inp
ut line 310.
(pdftex.def)             Requested size: 469.47046pt x 497.1737pt.

Package fancyhdr Warning: \headheight is too small (12.0pt): 
(fancyhdr)                Make it at least 14.49998pt, for example:
(fancyhdr)                \setlength{\headheight}{14.49998pt}.
(fancyhdr)                You might also make \topmargin smaller to compensate:

(fancyhdr)                \addtolength{\topmargin}{-2.49998pt}.

[14 <C:/Users/redas/Desktop/my_publications/Mouse BOOST TurboTMT/tex_files/figu
res/supplements/boost_factor_cdfs.pdf>]

pdfTeX warning: pdflatex (file C:/Users/redas/Desktop/my_publications/Mouse BOO
ST TurboTMT/tex_files/figures/supplements/mouse_jurkat_keggtcr.pdf): PDF inclus
ion: found PDF version <1.6>, but at most version <1.5> allowed
<figures/supplements/mouse_jurkat_keggtcr.pdf, id=99210, 724.31804pt x 627.8396
1pt>
! Illegal unit of measure (pt inserted).
<to be read again> 
                   \relax 
l.318 ...res/supplements/mouse_jurkat_keggtcr.pdf}
                                                  
? 
! Illegal unit of measure (pt inserted).
<to be read again> 
                   \relax 
l.318 ...res/supplements/mouse_jurkat_keggtcr.pdf}
                                                  
? 
File: figures/supplements/mouse_jurkat_keggtcr.pdf Graphic file (type pdf)
<use figures/supplements/mouse_jurkat_keggtcr.pdf>
Package pdftex.def Info: figures/supplements/mouse_jurkat_keggtcr.pdf  used on 
input line 318.
(pdftex.def)             Requested size: 150.0pt x 130.02042pt.

Package fancyhdr Warning: \headheight is too small (12.0pt): 
(fancyhdr)                Make it at least 14.49998pt, for example:
(fancyhdr)                \setlength{\headheight}{14.49998pt}.
(fancyhdr)                You might also make \topmargin smaller to compensate:

(fancyhdr)                \addtolength{\topmargin}{-2.49998pt}.

[15 <C:/Users/redas/Desktop/my_publications/Mouse BOOST TurboTMT/tex_files/figu
res/supplements/mouse_jurkat_keggtcr.pdf>] (supporting_figures.aux)

LaTeX Warning: There were undefined references.


LaTeX Warning: Label(s) may have changed. Rerun to get cross-references right.


Package rerunfilecheck Warning: File `supporting_figures.out' has changed.
(rerunfilecheck)                Rerun to get outlines right
(rerunfilecheck)                or use package `bookmark'.

Package rerunfilecheck Info: Checksums for `supporting_figures.out':
(rerunfilecheck)             Before: <no file>
(rerunfilecheck)             After:  D41D8CD98F00B204E9800998ECF8427E;0.
 ) 
Here is how much of TeX's memory you used:
 11775 strings out of 478927
 182968 string characters out of 2860496
 513291 words of memory out of 3000000
 29432 multiletter control sequences out of 15000+600000
 414409 words of font info for 64 fonts, out of 8000000 for 9000
 1141 hyphenation exceptions out of 8191
 84i,12n,131p,1254b,528s stack positions out of 5000i,500n,10000p,200000b,80000s
 <C:\Users\redas\AppData\Local\MiKTeX\2.9\fonts/pk/ljfour/jknappen/ec/dpi600\
tcrm0800.pk><C:/Program Files/MiKTeX 2.9/fonts/type1/public/amsfonts/cm/cmbx12.
pfb><C:/Program Files/MiKTeX 2.9/fonts/type1/public/amsfonts/cm/cmmi10.pfb><C:/
Program Files/MiKTeX 2.9/fonts/type1/public/amsfonts/cm/cmmi12.pfb><C:/Program 
Files/MiKTeX 2.9/fonts/type1/public/amsfonts/cm/cmr10.pfb><C:/Program Files/MiK
TeX 2.9/fonts/type1/public/amsfonts/cm/cmr12.pfb><C:/Program Files/MiKTeX 2.9/f
onts/type1/public/amsfonts/cm/cmr8.pfb><C:/Program Files/MiKTeX 2.9/fonts/type1
/public/amsfonts/cm/cmss12.pfb><C:/Program Files/MiKTeX 2.9/fonts/type1/public/
amsfonts/cm/cmssbx10.pfb><C:/Program Files/MiKTeX 2.9/fonts/type1/public/amsfon
ts/cm/cmssi10.pfb><C:/Program Files/MiKTeX 2.9/fonts/type1/public/amsfonts/cm/c
msy10.pfb><C:/Program Files/MiKTeX 2.9/fonts/type1/public/amsfonts/cm/cmsy5.pfb
><C:/Program Files/MiKTeX 2.9/fonts/type1/public/amsfonts/cm/cmti10.pfb>
Output written on supporting_figures.pdf (16 pages, 23586919 bytes).
PDF statistics:
 99284 PDF objects out of 114338 (max. 8388607)
 35 named destinations out of 1000 (max. 500000)
 61 words of extra memory for PDF output out of 10000 (max. 10000000)

